2018-04-26T06:40:57.786Z - normal: Load ~/.CocosCreator/settings.json
2018-04-26T06:40:57.796Z - normal: checking language setting...
2018-04-26T06:40:57.798Z - normal: Language: zh
2018-04-26T06:41:02.492Z - success: protocol editor-framework registered
2018-04-26T06:41:02.493Z - success: protocol app registered
2018-04-26T06:41:02.493Z - success: protocol theme registered
2018-04-26T06:41:02.493Z - success: protocol packages registered
2018-04-26T06:41:02.494Z - success: protocol unpack registerred
2018-04-26T06:41:02.494Z - success: protocol disable-commonjs registerred
2018-04-26T06:41:02.809Z - normal: connected!
2018-04-26T06:41:02.812Z - normal: Check project D:\课程\游戏架构\start02_project
2018-04-26T06:41:02.815Z - normal: Initializing Cocos2d
2018-04-26T06:41:04.242Z - normal: Initializing Asset Database
2018-04-26T06:41:04.380Z - success: protocol uuid registerred
2018-04-26T06:41:04.380Z - success: protocol db registerred
2018-04-26T06:41:04.381Z - success: protocol thumbnail registerred
2018-04-26T06:41:04.381Z - normal: Loading editor/builtin packages
2018-04-26T06:41:04.496Z - success: anysdk loaded
2018-04-26T06:41:04.868Z - success: assets loaded
2018-04-26T06:41:04.871Z - success: builder loaded
2018-04-26T06:41:04.876Z - success: cocos-analytics loaded
2018-04-26T06:41:04.881Z - success: console loaded
2018-04-26T06:41:04.932Z - success: fb-instant-games loaded
2018-04-26T06:41:04.938Z - success: hierarchy loaded
2018-04-26T06:41:04.948Z - success: inspector loaded
2018-04-26T06:41:04.950Z - success: keystore loaded
2018-04-26T06:41:04.954Z - success: node-library loaded
2018-04-26T06:41:04.957Z - success: package-asset loaded
2018-04-26T06:41:04.961Z - success: preferences loaded
2018-04-26T06:41:04.964Z - success: project-exporter loaded
2018-04-26T06:41:04.991Z - success: project-importer loaded
2018-04-26T06:41:04.995Z - success: project-settings loaded
2018-04-26T06:41:05.020Z - success: ui-kit loaded
2018-04-26T06:41:05.038Z - success: ui-grid loaded
2018-04-26T06:41:05.051Z - success: scene loaded
2018-04-26T06:41:05.054Z - success: sprite-editor loaded
2018-04-26T06:41:05.061Z - success: store loaded
2018-04-26T06:41:05.072Z - success: timeline loaded
2018-04-26T06:41:05.072Z - normal: Loading builtin packages
2018-04-26T06:41:05.082Z - success: asset-db-debugger loaded
2018-04-26T06:41:05.086Z - success: code-editor loaded
2018-04-26T06:41:05.091Z - success: color-picker loaded
2018-04-26T06:41:05.095Z - success: package-manager loaded
2018-04-26T06:41:05.104Z - success: sdkbox loaded
2018-04-26T06:41:05.108Z - success: tester loaded
2018-04-26T06:41:05.112Z - success: ui-kit-preview-extra loaded
2018-04-26T06:41:05.114Z - success: ui-kit-preview loaded
2018-04-26T06:41:05.117Z - success: ui-tree loaded
2018-04-26T06:41:07.890Z - normal: Initializing project D:\课程\游戏架构\start02_project
2018-04-26T06:41:07.900Z - normal: Loading packages
2018-04-26T06:41:07.908Z - normal: Watching packages
2018-04-26T06:41:07.944Z - normal: Run Application
2018-04-26T06:41:10.082Z - success: preview server running at http://localhost:7456
2018-04-26T06:41:20.674Z - normal: 1.9.0
2018-04-26T06:45:13.075Z - info: shutdown preview server
